<?xml version="1.0" encoding="UTF-8"?>
<!-- Generated by org.testng.reporters.JUnitXMLReporter -->
<testsuite ignored="0" hostname="DESKTOP-TSANL3I" failures="0" tests="5" name="Default test" time="51.202" errors="0" timestamp="2023-07-04T11:28:37 IST">
  <testcase classname="MainRun.RunMainTestcase" name="createAccount" time="10.704"/>
  <testcase classname="MainRun.RunMainTestcase" name="loginAccount" time="3.58"/>
  <testcase classname="MainRun.RunMainTestcase" name="orderProduct" time="8.478"/>
  <testcase classname="MainRun.RunMainTestcase" name="shippingCart" time="3.565"/>
  <testcase classname="MainRun.RunMainTestcase" name="addAddress" time="6.542"/>
</testsuite> <!-- Default test -->
