<?xml version="1.0" encoding="UTF-8"?>
<testng-results ignored="0" total="5" passed="5" failed="0" skipped="0">
  <reporter-output>
  </reporter-output>
  <suite started-at="2023-07-04T11:27:46 IST" name="Default suite" finished-at="2023-07-04T11:28:37 IST" duration-ms="51202">
    <groups>
    </groups>
    <test started-at="2023-07-04T11:27:46 IST" name="Default test" finished-at="2023-07-04T11:28:37 IST" duration-ms="51202">
      <class name="MainRun.RunMainTestcase">
        <test-method is-config="true" signature="configBeforeMethod()[pri:0, instance:MainRun.RunMainTestcase@55b699ef]" started-at="2023-07-04T11:27:46 IST" name="configBeforeMethod" finished-at="2023-07-04T11:28:02 IST" duration-ms="16905" status="PASS">
          <reporter-output>
          </reporter-output>
        </test-method> <!-- configBeforeMethod -->
        <test-method signature="createAccount()[pri:1, instance:MainRun.RunMainTestcase@55b699ef]" started-at="2023-07-04T11:28:03 IST" name="createAccount" finished-at="2023-07-04T11:28:13 IST" duration-ms="10704" status="PASS">
          <reporter-output>
          </reporter-output>
        </test-method> <!-- createAccount -->
        <test-method signature="loginAccount()[pri:2, instance:MainRun.RunMainTestcase@55b699ef]" started-at="2023-07-04T11:28:13 IST" name="loginAccount" finished-at="2023-07-04T11:28:17 IST" duration-ms="3580" status="PASS">
          <reporter-output>
          </reporter-output>
        </test-method> <!-- loginAccount -->
        <test-method signature="orderProduct()[pri:3, instance:MainRun.RunMainTestcase@55b699ef]" started-at="2023-07-04T11:28:17 IST" name="orderProduct" finished-at="2023-07-04T11:28:25 IST" duration-ms="8478" status="PASS">
          <reporter-output>
          </reporter-output>
        </test-method> <!-- orderProduct -->
        <test-method signature="shippingCart()[pri:4, instance:MainRun.RunMainTestcase@55b699ef]" started-at="2023-07-04T11:28:25 IST" name="shippingCart" finished-at="2023-07-04T11:28:29 IST" duration-ms="3565" status="PASS">
          <reporter-output>
          </reporter-output>
        </test-method> <!-- shippingCart -->
        <test-method signature="addAddress()[pri:5, instance:MainRun.RunMainTestcase@55b699ef]" started-at="2023-07-04T11:28:29 IST" name="addAddress" finished-at="2023-07-04T11:28:36 IST" duration-ms="6542" status="PASS">
          <reporter-output>
          </reporter-output>
        </test-method> <!-- addAddress -->
        <test-method is-config="true" signature="configAfterMethod()[pri:0, instance:MainRun.RunMainTestcase@55b699ef]" started-at="2023-07-04T11:28:36 IST" name="configAfterMethod" finished-at="2023-07-04T11:28:37 IST" duration-ms="1131" status="PASS">
          <reporter-output>
          </reporter-output>
        </test-method> <!-- configAfterMethod -->
      </class> <!-- MainRun.RunMainTestcase -->
    </test> <!-- Default test -->
  </suite> <!-- Default suite -->
</testng-results>
